<?xml version="1.0" encoding="UTF-8" ?>
<testsuite errors="1" failures="0" hostname="ulfar" name="examples.junit.NaiveStringBuilderParameterizedTest" skipped="0" tests="5" time="0.172" timestamp="2022-09-16T08:41:18">
  <properties>
[...]
</properties>
  <testcase classname="examples.junit.NaiveStringBuilderParameterizedTest" name="testAppend( , 01234567890123456789012345678901234567890123456789012345678901234567890123456789012345678901234567890) [0]" time="0.008" />
  <testcase classname="examples.junit.NaiveStringBuilderParameterizedTest" name="testAppend(, hello world) [1]" time="0.0" />
  <testcase classname="examples.junit.NaiveStringBuilderParameterizedTest" name="testAppend(hello world,  ) [2]" time="0.0" />
  <testcase classname="examples.junit.NaiveStringBuilderParameterizedTest" name="testAppend(01234567890123456789012345678901234567890123456789012345678901234567890123456789012345678901234567890, null) [3]" time="0.007">
    <error type="java.lang.IllegalArgumentException">java.lang.IllegalArgumentException
	at examples.junit.NaiveStringBuilder.append(NaiveStringBuilder.java:21)
	at examples.junit.NaiveStringBuilderParameterizedTest.testAppend(NaiveStringBuilderParameterizedTest.java:33)
	at java.base/jdk.internal.reflect.NativeMethodAccessorImpl.invoke0(Native Method)
	at java.base/jdk.internal.reflect.NativeMethodAccessorImpl.invoke(NativeMethodAccessorImpl.java:62)
	at java.base/jdk.internal.reflect.DelegatingMethodAccessorImpl.invoke(DelegatingMethodAccessorImpl.java:43)
	at junitparams.internal.InvokeParameterisedMethod.evaluate(InvokeParameterisedMethod.java:234)
	at junitparams.internal.ParameterisedTestMethodRunner.runMethodInvoker(ParameterisedTestMethodRunner.java:47)
	at junitparams.internal.ParameterisedTestMethodRunner.runTestMethod(ParameterisedTestMethodRunner.java:40)
	at junitparams.internal.ParameterisedTestClassRunner.runParameterisedTest(ParameterisedTestClassRunner.java:146)
	at junitparams.JUnitParamsRunner.runChild(JUnitParamsRunner.java:446)
	at junitparams.JUnitParamsRunner.runChild(JUnitParamsRunner.java:393)
</error>
  </testcase>
  <testcase classname="examples.junit.NaiveStringBuilderParameterizedTest" name="testAppend(null, ) [4]" time="0.0" />
  <system-out><![CDATA[]]></system-out>
  <system-err><![CDATA[]]></system-err>
</testsuite>
