-------------------------------------------------------------------------------
Test set: examples.mock.InterpreterTest
-------------------------------------------------------------------------------
Tests run: 1, Failures: 1, Errors: 0, Skipped: 0, Time elapsed: 0.088 s <<< FAILURE! - in examples.mock.InterpreterTest
testAdd34  Time elapsed: 0.085 s  <<< FAILURE!
org.opentest4j.AssertionFailedError: value is:-1 ==> expected: <true> but was: <false>
	at examples.mock.InterpreterTest.testAdd34(InterpreterTest.java:38)

