<?xml version="1.0" encoding="UTF-8"?>
<testsuite xmlns:xsi="http://www.w3.org/2001/XMLSchema-instance" xsi:noNamespaceSchemaLocation="https://maven.apache.org/surefire/maven-surefire-plugin/xsd/surefire-test-report.xsd" name="examples.junit.NaiveStringBuilderParameterizedTest" time="0.002" tests="5" errors="1" skipped="0" failures="0">
  <properties>
[...]
</properties>
  <testcase name="testAppend{ , 01234567890123456789012345678901234567890123456789012345678901234567890123456789012345678901234567890} [0]" classname="examples.junit.NaiveStringBuilderParameterizedTest" time="0"/>
  <testcase name="testAppend{, hello world} [1]" classname="examples.junit.NaiveStringBuilderParameterizedTest" time="0"/>
  <testcase name="testAppend{hello world,  } [2]" classname="examples.junit.NaiveStringBuilderParameterizedTest" time="0"/>
  <testcase name="testAppend{01234567890123456789012345678901234567890123456789012345678901234567890123456789012345678901234567890, null} [3]" classname="examples.junit.NaiveStringBuilderParameterizedTest" time="0">
    <error type="java.lang.IllegalArgumentException">java.lang.IllegalArgumentException
	at examples.junit.NaiveStringBuilderParameterizedTest.testAppend(NaiveStringBuilderParameterizedTest.java:33)
</error>
  </testcase>
  <testcase name="testAppend{null, } [4]" classname="examples.junit.NaiveStringBuilderParameterizedTest" time="0"/>
</testsuite>